102.11.14 10:22 B D:\danward\danwork\html\hyp\planetearth\arleft.gif --> hyperlinker.netfirms.com /www/planetearth arleft.gif
102.11.14 10:22 B D:\danward\danwork\html\hyp\planetearth\blank.gif --> hyperlinker.netfirms.com /www/planetearth blank.gif
102.11.14 10:22 B D:\danward\danwork\html\hyp\planetearth\books.htm --> hyperlinker.netfirms.com /www/planetearth books.htm
102.11.14 10:22 B D:\danward\danwork\html\hyp\planetearth\cnt.htm --> hyperlinker.netfirms.com /www/planetearth cnt.htm
102.11.14 10:22 B D:\danward\danwork\html\hyp\planetearth\cnt1.gif --> hyperlinker.netfirms.com /www/planetearth cnt1.gif
102.11.14 10:22 B D:\danward\danwork\html\hyp\planetearth\es.gif --> hyperlinker.netfirms.com /www/planetearth es.gif
102.11.14 10:22 B D:\danward\danwork\html\hyp\planetearth\eulobw.gif --> hyperlinker.netfirms.com /www/planetearth eulobw.gif
102.11.14 10:22 B D:\danward\danwork\html\hyp\planetearth\eulogo.gif --> hyperlinker.netfirms.com /www/planetearth eulogo.gif
102.11.14 10:22 B D:\danward\danwork\html\hyp\planetearth\giorev.gif --> hyperlinker.netfirms.com /www/planetearth giorev.gif
102.11.14 10:22 B D:\danward\danwork\html\hyp\planetearth\index.htm --> hyperlinker.netfirms.com /www/planetearth index.htm
102.11.14 10:22 B D:\danward\danwork\html\hyp\planetearth\it.gif --> hyperlinker.netfirms.com /www/planetearth it.gif
102.11.14 10:22 B D:\danward\danwork\html\hyp\planetearth\links.htm --> hyperlinker.netfirms.com /www/planetearth links.htm
102.11.14 10:22 B D:\danward\danwork\html\hyp\planetearth\mail.gif --> hyperlinker.netfirms.com /www/planetearth mail.gif
102.11.14 10:22 B D:\danward\danwork\html\hyp\planetearth\manbio.pdf --> hyperlinker.netfirms.com /www/planetearth manbio.pdf
102.11.14 10:22 B D:\danward\danwork\html\hyp\planetearth\pdf.gif --> hyperlinker.netfirms.com /www/planetearth pdf.gif
102.11.14 10:22 B D:\danward\danwork\html\hyp\planetearth\solstice31bis.txt --> hyperlinker.netfirms.com /www/planetearth solstice31bis.txt
102.11.14 10:22 B D:\danward\danwork\html\hyp\planetearth\solsticewishes.txt --> hyperlinker.netfirms.com /www/planetearth solsticewishes.txt
102.11.14 10:23 B D:\danward\danwork\html\hyp\planetearth\us.gif --> hyperlinker.netfirms.com /www/planetearth us.gif
102.11.14 10:23 B D:\danward\danwork\html\hyp\planetearth\usa.gif --> hyperlinker.netfirms.com /www/planetearth usa.gif
102.11.14 10:23 B D:\danward\danwork\html\hyp\planetearth\works.gif --> hyperlinker.netfirms.com /www/planetearth works.gif
102.11.14 10:23 B D:\danward\danwork\html\hyp\planetearth\worldbg.gif --> hyperlinker.netfirms.com /www/planetearth worldbg.gif
